Using pre-set license
Built from '2021.1/staging' branch; Version is '2021.1.18f1 (25bdc3efbc2d) revision 2473411'; Using compiler version '192528614'; Build Type 'Release'
OS: 'Windows 10 Home; OS build 19042.1348; Version 2009; 64bit' Language: 'en' Physical Memory: 8117 MB
BatchMode: 1, IsHumanControllingUs: 0, StartBugReporterOnCrash: 0, Is64bit: 1, IsPro: 0

COMMAND LINE ARGUMENTS:
C:\Program Files\Unity 2021.1.18f1\Editor\Unity.exe
-adb2
-batchMode
-noUpm
-name
AssetImportWorker0
-projectPath
C:/Users/benen/Documents/GitHub/2D-Project
-logFile
Logs/AssetImportWorker0.log
-srvPort
53388
Successfully changed project path to: C:/Users/benen/Documents/GitHub/2D-Project
C:/Users/benen/Documents/GitHub/2D-Project
Using Asset Import Pipeline V2.
Refreshing native plugins compatible for Editor in 150.34 ms, found 4 plugins.
Preloading 0 native plugins for Editor in 0.00 ms.
Initialize engine version: 2021.1.18f1 (25bdc3efbc2d)
[Subsystems] Discovering subsystems at path C:/Program Files/Unity 2021.1.18f1/Editor/Data/Resources/UnitySubsystems
[Subsystems] Discovering subsystems at path C:/Users/benen/Documents/GitHub/2D-Project/Assets
GfxDevice: creating device client; threaded=0; jobified=0
Direct3D:
    Version:  Direct3D 11.0 [level 11.1]
    Renderer: NVIDIA GeForce GTX 1060 3GB (ID=0x1c02)
    Vendor:   NVIDIA
    VRAM:     2988 MB
    Driver:   30.0.14.9649
Invalid texture used for cursor - check importer settings or texture creation. Texture must be RGBA32, readable, have alphaIsTransparency enabled and have no mip chain.
Initialize mono
Mono path[0] = 'C:/Program Files/Unity 2021.1.18f1/Editor/Data/Managed'
Mono path[1] = 'C:/Program Files/Unity 2021.1.18f1/Editor/Data/MonoBleedingEdge/lib/mono/unityjit'
Mono config path = 'C:/Program Files/Unity 2021.1.18f1/Editor/Data/MonoBleedingEdge/etc'
Using monoOptions --debugger-agent=transport=dt_socket,embedding=1,server=y,suspend=n,address=127.0.0.1:56324
Begin MonoManager ReloadAssembly
Registering precompiled unity dll's ...
Register platform support module: C:/Program Files/Unity 2021.1.18f1/Editor/Data/PlaybackEngines/WebGLSupport/UnityEditor.WebGL.Extensions.dll
Register platform support module: C:/Program Files/Unity 2021.1.18f1/Editor/Data/PlaybackEngines/WindowsStandaloneSupport/UnityEditor.WindowsStandalone.Extensions.dll
Registered in 0.003066 seconds.
Native extension for WindowsStandalone target not found
Native extension for WebGL target not found
Refreshing native plugins compatible for Editor in 146.43 ms, found 4 plugins.
Preloading 0 native plugins for Editor in 0.00 ms.
Mono: successfully reloaded assembly
- Completed reload, in  1.598 seconds
Domain Reload Profiling:
	ReloadAssembly (1599ms)
		BeginReloadAssembly (75ms)
			ExecutionOrderSort (0ms)
			DisableScriptedObjects (0ms)
			BackupInstance (0ms)
			ReleaseScriptingObjects (0ms)
			CreateAndSetChildDomain (1ms)
		EndReloadAssembly (568ms)
			LoadAssemblies (73ms)
			RebuildTransferFunctionScriptingTraits (0ms)
			SetupTypeCache (187ms)
			ReleaseScriptCaches (0ms)
			RebuildScriptCaches (33ms)
			SetupLoadedEditorAssemblies (293ms)
				LogAssemblyErrors (0ms)
				InitializePlatformSupportModulesInManaged (7ms)
				SetLoadedEditorAssemblies (0ms)
				RefreshPlugins (147ms)
				BeforeProcessingInitializeOnLoad (1ms)
				ProcessInitializeOnLoadAttributes (107ms)
				ProcessInitializeOnLoadMethodAttributes (31ms)
				AfterProcessingInitializeOnLoad (0ms)
				EditorAssembliesLoaded (0ms)
			ExecutionOrderSort2 (0ms)
			AwakeInstancesAfterBackupRestoration (0ms)
Platform modules already initialized, skipping
Registering precompiled user dll's ...
Registered in 0.008154 seconds.
Begin MonoManager ReloadAssembly
Symbol file LoadedFromMemory doesn't match image C:\Users\benen\Documents\GitHub\2D-Project\Library\PackageCache\com.unity.visualscripting@1.6.1\Editor\VisualScripting.Core\Dependencies\YamlDotNet\Unity.VisualScripting.YamlDotNet.dll
Symbol file LoadedFromMemory doesn't match image C:\Users\benen\Documents\GitHub\2D-Project\Library\PackageCache\com.unity.visualscripting@1.6.1\Editor\VisualScripting.Core\Dependencies\DotNetZip\Unity.VisualScripting.IonicZip.dll
Native extension for WindowsStandalone target not found
Native extension for WebGL target not found
Refreshing native plugins compatible for Editor in 141.93 ms, found 4 plugins.
Preloading 0 native plugins for Editor in 0.00 ms.
Mono: successfully reloaded assembly
- Completed reload, in  1.608 seconds
Domain Reload Profiling:
	ReloadAssembly (1608ms)
		BeginReloadAssembly (184ms)
			ExecutionOrderSort (0ms)
			DisableScriptedObjects (5ms)
			BackupInstance (0ms)
			ReleaseScriptingObjects (0ms)
			CreateAndSetChildDomain (24ms)
		EndReloadAssembly (1357ms)
			LoadAssemblies (131ms)
			RebuildTransferFunctionScriptingTraits (0ms)
			SetupTypeCache (411ms)
			ReleaseScriptCaches (1ms)
			RebuildScriptCaches (68ms)
			SetupLoadedEditorAssemblies (651ms)
				LogAssemblyErrors (0ms)
				InitializePlatformSupportModulesInManaged (5ms)
				SetLoadedEditorAssemblies (0ms)
				RefreshPlugins (142ms)
				BeforeProcessingInitializeOnLoad (115ms)
				ProcessInitializeOnLoadAttributes (360ms)
				ProcessInitializeOnLoadMethodAttributes (20ms)
				AfterProcessingInitializeOnLoad (8ms)
				EditorAssembliesLoaded (0ms)
			ExecutionOrderSort2 (0ms)
			AwakeInstancesAfterBackupRestoration (8ms)
Platform modules already initialized, skipping
========================================================================
Worker process is ready to serve import requests
Launched and connected shader compiler UnityShaderCompiler.exe after 0.08 seconds
Refreshing native plugins compatible for Editor in 0.94 ms, found 4 plugins.
Preloading 0 native plugins for Editor in 0.00 ms.
Unloading 4021 Unused Serialized files (Serialized files now loaded: 0)
System memory in use before: 155.3 MB.
System memory in use after: 155.5 MB.

Unloading 33 unused Assets to reduce memory usage. Loaded Objects now: 4469.
Total: 5.144200 ms (FindLiveObjects: 0.406400 ms CreateObjectMapping: 0.283700 ms MarkObjects: 4.378300 ms  DeleteObjects: 0.074500 ms)

AssetImportParameters requested are different than current active one (requested -> active):
  custom:framework-win-MediaFoundation: 216162199b28c13a410421893ffa2e32 -> 
  custom:video-decoder-ogg-theora: a1e56fd34408186e4bbccfd4996cb3dc -> 
  custom:container-muxer-webm: aa71ff27fc2769a1b78a27578f13a17b -> 
  custom:container-demuxer-webm: 4f35f7cbe854078d1ac9338744f61a02 -> 
  custom:container-demuxer-ogg: 62fdf1f143b41e24485cea50d1cbac27 -> 
  custom:video-encoder-webm-vp8: eb34c28f22e8b96e1ab97ce403110664 -> 
  custom:video-decoder-webm-vp8: 9c59270c3fd7afecdb556c50c9e8de78 -> 
  custom:audio-decoder-ogg-vorbis: bf7c407c2cedff20999df2af8eb42d56 -> 
  custom:audio-encoder-webm-vorbis: bf7c407c2cedff20999df2af8eb42d56 -> 
========================================================================
Received Import Request.
  path: Assets/TextMesh Pro/Fonts/LiberationSans.ttf
  artifactKey: Guid(e3265ab4bf004d28a9537516768c1c75) Importer(815301076,1909f56bfc062723c751e8b465ee728b)
Start importing Assets/TextMesh Pro/Fonts/LiberationSans.ttf using Guid(e3265ab4bf004d28a9537516768c1c75) Importer(815301076,1909f56bfc062723c751e8b465ee728b)  -> (artifact id: '15ebe4ab984d3116c78f19e11443b809') in 0.330147 seconds 
========================================================================
Received Import Request.
  Time since last request: 8.471779 seconds.
  path: Assets/TextMesh Pro/Fonts/MinimalPixel v2.ttf
  artifactKey: Guid(aa4479ebc51a39844a0e653b31b591ab) Importer(815301076,1909f56bfc062723c751e8b465ee728b)
Start importing Assets/TextMesh Pro/Fonts/MinimalPixel v2.ttf using Guid(aa4479ebc51a39844a0e653b31b591ab) Importer(815301076,1909f56bfc062723c751e8b465ee728b)  -> (artifact id: '551a28bdda463841b4b298c227922fc8') in 0.019856 seconds 
========================================================================
Received Import Request.
  Time since last request: 65.726626 seconds.
  path: Assets/TextMesh Pro/Fonts/MinimalPixel v2 SDF.asset
  artifactKey: Guid(62dbdb55382a2614b9cc0a7b77f179b6) Importer(815301076,1909f56bfc062723c751e8b465ee728b)
Start importing Assets/TextMesh Pro/Fonts/MinimalPixel v2 SDF.asset using Guid(62dbdb55382a2614b9cc0a7b77f179b6) Importer(815301076,1909f56bfc062723c751e8b465ee728b)  -> (artifact id: '6dd047c65dcd310d2326f329e869a0a6') in 0.065327 seconds 
========================================================================
Received Import Request.
  Time since last request: 60.280431 seconds.
  path: Assets/Sprites/Back/diamond1.png
  artifactKey: Guid(f98b63b347048ca4a8393f1eaf372334) Importer(815301076,1909f56bfc062723c751e8b465ee728b)
Start importing Assets/Sprites/Back/diamond1.png using Guid(f98b63b347048ca4a8393f1eaf372334) Importer(815301076,1909f56bfc062723c751e8b465ee728b)  -> (artifact id: '590cafd2530acf463a1cac3a5f575d60') in 0.088189 seconds 
========================================================================
Received Import Request.
  Time since last request: 2.970871 seconds.
  path: Assets/Sprites/Back/diamond1.png
  artifactKey: Guid(f98b63b347048ca4a8393f1eaf372334) Importer(815301076,1909f56bfc062723c751e8b465ee728b)
Start importing Assets/Sprites/Back/diamond1.png using Guid(f98b63b347048ca4a8393f1eaf372334) Importer(815301076,1909f56bfc062723c751e8b465ee728b)  -> (artifact id: 'aad9c5fe6ea55853bed880fb4341a80a') in 0.010576 seconds 
========================================================================
Received Import Request.
  Time since last request: 6.075137 seconds.
  path: Assets/Sprites/Back/diamond1.png
  artifactKey: Guid(f98b63b347048ca4a8393f1eaf372334) Importer(815301076,1909f56bfc062723c751e8b465ee728b)
Start importing Assets/Sprites/Back/diamond1.png using Guid(f98b63b347048ca4a8393f1eaf372334) Importer(815301076,1909f56bfc062723c751e8b465ee728b)  -> (artifact id: '5dda0366f620bab0f81e2d6fd6f23756') in 0.010113 seconds 
========================================================================
Received Import Request.
  Time since last request: 11.318106 seconds.
  path: Assets/Sprites/Back/diamond2.png
  artifactKey: Guid(d23f90e600a5a9545bf71ae747f3bbe9) Importer(815301076,1909f56bfc062723c751e8b465ee728b)
Start importing Assets/Sprites/Back/diamond2.png using Guid(d23f90e600a5a9545bf71ae747f3bbe9) Importer(815301076,1909f56bfc062723c751e8b465ee728b)  -> (artifact id: '3adabdb92812977d6650f42522752050') in 0.014769 seconds 
========================================================================
Received Import Request.
  Time since last request: 7.270582 seconds.
  path: Assets/Sprites/Back/diamond3.png
  artifactKey: Guid(6841455ca015c9f40b2b406c94ed1d66) Importer(815301076,1909f56bfc062723c751e8b465ee728b)
Start importing Assets/Sprites/Back/diamond3.png using Guid(6841455ca015c9f40b2b406c94ed1d66) Importer(815301076,1909f56bfc062723c751e8b465ee728b)  -> (artifact id: '717f38d05b8a4dd93f066dd83a8b832c') in 0.022875 seconds 
========================================================================
Received Import Request.
  Time since last request: 9.348714 seconds.
  path: Assets/Sprites/Back/diamond4.png
  artifactKey: Guid(cf7bdb26fb33c3b43a816aa7c340ac70) Importer(815301076,1909f56bfc062723c751e8b465ee728b)
Start importing Assets/Sprites/Back/diamond4.png using Guid(cf7bdb26fb33c3b43a816aa7c340ac70) Importer(815301076,1909f56bfc062723c751e8b465ee728b)  -> (artifact id: '8cc140cac798e04ea37ff0497677b10c') in 0.014339 seconds 
========================================================================
Received Import Request.
  Time since last request: 10.782545 seconds.
  path: Assets/Sprites/Back/diamond5.png
  artifactKey: Guid(55898cdf5baebe140a886f5286fec928) Importer(815301076,1909f56bfc062723c751e8b465ee728b)
Start importing Assets/Sprites/Back/diamond5.png using Guid(55898cdf5baebe140a886f5286fec928) Importer(815301076,1909f56bfc062723c751e8b465ee728b)  -> (artifact id: 'a67b0ca8c813c6168063128ade86cd3d') in 0.025627 seconds 
========================================================================
Received Prepare
Registering precompiled user dll's ...
Registered in 0.008994 seconds.
Begin MonoManager ReloadAssembly
Symbol file LoadedFromMemory doesn't match image C:\Users\benen\Documents\GitHub\2D-Project\Library\PackageCache\com.unity.visualscripting@1.6.1\Editor\VisualScripting.Core\Dependencies\YamlDotNet\Unity.VisualScripting.YamlDotNet.dll
Symbol file LoadedFromMemory doesn't match image C:\Users\benen\Documents\GitHub\2D-Project\Library\PackageCache\com.unity.visualscripting@1.6.1\Editor\VisualScripting.Core\Dependencies\DotNetZip\Unity.VisualScripting.IonicZip.dll
Native extension for WindowsStandalone target not found
Native extension for WebGL target not found
Refreshing native plugins compatible for Editor in 1.00 ms, found 4 plugins.
Preloading 0 native plugins for Editor in 0.00 ms.
Mono: successfully reloaded assembly
- Completed reload, in  1.527 seconds
Domain Reload Profiling:
	ReloadAssembly (1527ms)
		BeginReloadAssembly (154ms)
			ExecutionOrderSort (0ms)
			DisableScriptedObjects (6ms)
			BackupInstance (0ms)
			ReleaseScriptingObjects (0ms)
			CreateAndSetChildDomain (46ms)
		EndReloadAssembly (1306ms)
			LoadAssemblies (129ms)
			RebuildTransferFunctionScriptingTraits (0ms)
			SetupTypeCache (430ms)
			ReleaseScriptCaches (2ms)
			RebuildScriptCaches (57ms)
			SetupLoadedEditorAssemblies (515ms)
				LogAssemblyErrors (0ms)
				InitializePlatformSupportModulesInManaged (8ms)
				SetLoadedEditorAssemblies (1ms)
				RefreshPlugins (1ms)
				BeforeProcessingInitializeOnLoad (103ms)
				ProcessInitializeOnLoadAttributes (382ms)
				ProcessInitializeOnLoadMethodAttributes (10ms)
				AfterProcessingInitializeOnLoad (9ms)
				EditorAssembliesLoaded (0ms)
			ExecutionOrderSort2 (0ms)
			AwakeInstancesAfterBackupRestoration (37ms)
Platform modules already initialized, skipping
Refreshing native plugins compatible for Editor in 1.25 ms, found 4 plugins.
Preloading 0 native plugins for Editor in 0.00 ms.
Unloading 3976 Unused Serialized files (Serialized files now loaded: 0)
System memory in use before: 159.6 MB.
System memory in use after: 159.9 MB.

Unloading 21 unused Assets to reduce memory usage. Loaded Objects now: 4667.
Total: 3.892000 ms (FindLiveObjects: 0.357500 ms CreateObjectMapping: 0.260800 ms MarkObjects: 3.254500 ms  DeleteObjects: 0.018300 ms)

AssetImportParameters requested are different than current active one (requested -> active):
  custom:framework-win-MediaFoundation: 216162199b28c13a410421893ffa2e32 -> 
  custom:video-decoder-ogg-theora: a1e56fd34408186e4bbccfd4996cb3dc -> 
  custom:container-muxer-webm: aa71ff27fc2769a1b78a27578f13a17b -> 
  custom:container-demuxer-webm: 4f35f7cbe854078d1ac9338744f61a02 -> 
  custom:container-demuxer-ogg: 62fdf1f143b41e24485cea50d1cbac27 -> 
  custom:video-encoder-webm-vp8: eb34c28f22e8b96e1ab97ce403110664 -> 
  custom:video-decoder-webm-vp8: 9c59270c3fd7afecdb556c50c9e8de78 -> 
  custom:audio-decoder-ogg-vorbis: bf7c407c2cedff20999df2af8eb42d56 -> 
  custom:audio-encoder-webm-vorbis: bf7c407c2cedff20999df2af8eb42d56 -> 
========================================================================
Received Import Request.
  Time since last request: 50.473505 seconds.
  path: Assets/TextMesh Pro/Examples & Extras/Resources/Fonts & Materials/Anton SDF.asset
  artifactKey: Guid(8a89fa14b10d46a99122fd4f73fca9a2) Importer(815301076,1909f56bfc062723c751e8b465ee728b)
Start importing Assets/TextMesh Pro/Examples & Extras/Resources/Fonts & Materials/Anton SDF.asset using Guid(8a89fa14b10d46a99122fd4f73fca9a2) Importer(815301076,1909f56bfc062723c751e8b465ee728b)  -> (artifact id: '712cec39fbc2a66fb796f2f4fc1eaa72') in 0.123300 seconds 
========================================================================
Received Import Request.
  Time since last request: 0.000313 seconds.
  path: Assets/TextMesh Pro/Examples & Extras/Resources/Fonts & Materials/Electronic Highway Sign SDF.asset
  artifactKey: Guid(dc36b3fdc14f47ebb36fd484a67e268a) Importer(815301076,1909f56bfc062723c751e8b465ee728b)
Start importing Assets/TextMesh Pro/Examples & Extras/Resources/Fonts & Materials/Electronic Highway Sign SDF.asset using Guid(dc36b3fdc14f47ebb36fd484a67e268a) Importer(815301076,1909f56bfc062723c751e8b465ee728b)  -> (artifact id: '429a83a5b0dab493fd2413297b30fdf1') in 0.019968 seconds 
========================================================================
Received Import Request.
  Time since last request: 0.000321 seconds.
  path: Assets/TextMesh Pro/Examples & Extras/Resources/Fonts & Materials/Bangers SDF.asset
  artifactKey: Guid(125cb55b44b24c4393181402bc6200e6) Importer(815301076,1909f56bfc062723c751e8b465ee728b)
Start importing Assets/TextMesh Pro/Examples & Extras/Resources/Fonts & Materials/Bangers SDF.asset using Guid(125cb55b44b24c4393181402bc6200e6) Importer(815301076,1909f56bfc062723c751e8b465ee728b)  -> (artifact id: 'ef29c4ca34d686f87dc8e17cf43b25fd') in 0.036558 seconds 
========================================================================
Received Import Request.
  Time since last request: 0.000799 seconds.
  path: Assets/TextMesh Pro/Resources/Fonts & Materials/LiberationSans SDF - Fallback.asset
  artifactKey: Guid(2e498d1c8094910479dc3e1b768306a4) Importer(815301076,1909f56bfc062723c751e8b465ee728b)
Start importing Assets/TextMesh Pro/Resources/Fonts & Materials/LiberationSans SDF - Fallback.asset using Guid(2e498d1c8094910479dc3e1b768306a4) Importer(815301076,1909f56bfc062723c751e8b465ee728b)  -> (artifact id: '73c4f4f2da4d2ab57d901e0f40ae3f2f') in 0.020396 seconds 
========================================================================
Received Import Request.
  Time since last request: 0.000476 seconds.
  path: Assets/TextMesh Pro/Fonts/MinimalPixel v2 SDF.asset
  artifactKey: Guid(62dbdb55382a2614b9cc0a7b77f179b6) Importer(815301076,1909f56bfc062723c751e8b465ee728b)
Start importing Assets/TextMesh Pro/Fonts/MinimalPixel v2 SDF.asset using Guid(62dbdb55382a2614b9cc0a7b77f179b6) Importer(815301076,1909f56bfc062723c751e8b465ee728b)  -> (artifact id: '807a6920b6c4eb35c3bfa8ec4e9c5e17') in 0.030956 seconds 
========================================================================
Received Import Request.
  Time since last request: 0.000231 seconds.
  path: Assets/TextMesh Pro/Examples & Extras/Resources/Fonts & Materials/Roboto-Bold SDF.asset
  artifactKey: Guid(5302535af1044152a457ed104f1f4b91) Importer(815301076,1909f56bfc062723c751e8b465ee728b)
Start importing Assets/TextMesh Pro/Examples & Extras/Resources/Fonts & Materials/Roboto-Bold SDF.asset using Guid(5302535af1044152a457ed104f1f4b91) Importer(815301076,1909f56bfc062723c751e8b465ee728b)  -> (artifact id: '03c59274799776af5eee4dbb75b0aa5f') in 0.030239 seconds 
========================================================================
Received Import Request.
  Time since last request: 0.000209 seconds.
  path: Assets/TextMesh Pro/Resources/Fonts & Materials/LiberationSans SDF.asset
  artifactKey: Guid(8f586378b4e144a9851e7b34d9b748ee) Importer(815301076,1909f56bfc062723c751e8b465ee728b)
Start importing Assets/TextMesh Pro/Resources/Fonts & Materials/LiberationSans SDF.asset using Guid(8f586378b4e144a9851e7b34d9b748ee) Importer(815301076,1909f56bfc062723c751e8b465ee728b)  -> (artifact id: 'f8b7c8c3e3c9a45adbdca63c88707d17') in 0.044985 seconds 
========================================================================
Received Import Request.
  Time since last request: 0.000193 seconds.
  path: Assets/TextMesh Pro/Examples & Extras/Resources/Fonts & Materials/Oswald Bold SDF.asset
  artifactKey: Guid(0161d805a3764c089bef00bfe00793f5) Importer(815301076,1909f56bfc062723c751e8b465ee728b)
Start importing Assets/TextMesh Pro/Examples & Extras/Resources/Fonts & Materials/Oswald Bold SDF.asset using Guid(0161d805a3764c089bef00bfe00793f5) Importer(815301076,1909f56bfc062723c751e8b465ee728b)  -> (artifact id: '21c8220797489e345428130afb23452a') in 0.020655 seconds 
========================================================================
Received Import Request.
  Time since last request: 7.551349 seconds.
  path: Assets/TextMesh Pro
  artifactKey: Guid(f54d1bd14bd3ca042bd867b519fee8cc) Importer(815301076,1909f56bfc062723c751e8b465ee728b)
Start importing Assets/TextMesh Pro using Guid(f54d1bd14bd3ca042bd867b519fee8cc) Importer(815301076,1909f56bfc062723c751e8b465ee728b)  -> (artifact id: '6170b652e791f28e2dae01803c8e71bf') in 0.007557 seconds 
========================================================================
Received Import Request.
  Time since last request: 0.860025 seconds.
  path: Assets/TextMesh Pro/Fonts
  artifactKey: Guid(6ab70aee4d56447429c680537fbf93ed) Importer(815301076,1909f56bfc062723c751e8b465ee728b)
Start importing Assets/TextMesh Pro/Fonts using Guid(6ab70aee4d56447429c680537fbf93ed) Importer(815301076,1909f56bfc062723c751e8b465ee728b)  -> (artifact id: 'c1615d532dab169fd406a25610c85d83') in 0.007369 seconds 
========================================================================
Received Import Request.
  Time since last request: 197.009174 seconds.
  path: Assets/Sprites/UI
  artifactKey: Guid(5ba8146e8a8ddc6479aea2d350d0c0c3) Importer(815301076,1909f56bfc062723c751e8b465ee728b)
Start importing Assets/Sprites/UI using Guid(5ba8146e8a8ddc6479aea2d350d0c0c3) Importer(815301076,1909f56bfc062723c751e8b465ee728b)  -> (artifact id: '7bfc5bceb7a76acca0bb8133f6d9d568') in 0.007774 seconds 
========================================================================
Received Import Request.
  Time since last request: 0.024048 seconds.
  path: Assets/Sprites/UI/COLORpALLETe.PNG
  artifactKey: Guid(416905d9cdf36b0468ef3068304c5ed7) Importer(815301076,1909f56bfc062723c751e8b465ee728b)
Start importing Assets/Sprites/UI/COLORpALLETe.PNG using Guid(416905d9cdf36b0468ef3068304c5ed7) Importer(815301076,1909f56bfc062723c751e8b465ee728b)  -> (artifact id: '57afc2cebded1261eaad2e80b1b1567c') in 0.109428 seconds 
========================================================================
Received Import Request.
  Time since last request: 0.000335 seconds.
  path: Assets/Sprites/UI/MonedaD.png
  artifactKey: Guid(d025773c24e193c4da22b09cad162981) Importer(815301076,1909f56bfc062723c751e8b465ee728b)
Start importing Assets/Sprites/UI/MonedaD.png using Guid(d025773c24e193c4da22b09cad162981) Importer(815301076,1909f56bfc062723c751e8b465ee728b)  -> (artifact id: '57c8e523788bad0ca80ec4364cee3100') in 0.040726 seconds 
========================================================================
Received Import Request.
  Time since last request: 0.000238 seconds.
  path: Assets/Sprites/UI/orange_38.png
  artifactKey: Guid(d4ea2377f18ef514495cac83adb209a6) Importer(815301076,1909f56bfc062723c751e8b465ee728b)
Start importing Assets/Sprites/UI/orange_38.png using Guid(d4ea2377f18ef514495cac83adb209a6) Importer(815301076,1909f56bfc062723c751e8b465ee728b)  -> (artifact id: '88931678c9b514dce8572bb0b9e772a5') in 0.021518 seconds 
========================================================================
Received Import Request.
  Time since last request: 0.000371 seconds.
  path: Assets/Sprites/UI/HEALTHABR.png
  artifactKey: Guid(f2810faf6fcac9349a01eb0814cf7298) Importer(815301076,1909f56bfc062723c751e8b465ee728b)
Start importing Assets/Sprites/UI/HEALTHABR.png using Guid(f2810faf6fcac9349a01eb0814cf7298) Importer(815301076,1909f56bfc062723c751e8b465ee728b)  -> (artifact id: '4bbccd42514fd5c3f0b5cd24cb5ddcbb') in 0.026420 seconds 
========================================================================
Received Import Request.
  Time since last request: 0.000287 seconds.
  path: Assets/Sprites/UI/THUMBNIAl.png
  artifactKey: Guid(685869407e94ced459d955bbcfc73461) Importer(815301076,1909f56bfc062723c751e8b465ee728b)
Start importing Assets/Sprites/UI/THUMBNIAl.png using Guid(685869407e94ced459d955bbcfc73461) Importer(815301076,1909f56bfc062723c751e8b465ee728b)  -> (artifact id: '66b1c2b724cf2642c2702c6d0505aa18') in 0.040762 seconds 
========================================================================
Received Import Request.
  Time since last request: 120.742514 seconds.
  path: Assets/Sprites/UI/orange_38.png
  artifactKey: Guid(d4ea2377f18ef514495cac83adb209a6) Importer(815301076,1909f56bfc062723c751e8b465ee728b)
Start importing Assets/Sprites/UI/orange_38.png using Guid(d4ea2377f18ef514495cac83adb209a6) Importer(815301076,1909f56bfc062723c751e8b465ee728b)  -> (artifact id: '7f852aad45bce26f3fdf333653d93619') in 0.024469 seconds 
========================================================================
Received Import Request.
  Time since last request: 5.498263 seconds.
  path: Assets/Sprites/UI/GUI.png
  artifactKey: Guid(583cf6d72a7bb774caa106ce125c4724) Importer(815301076,1909f56bfc062723c751e8b465ee728b)
Start importing Assets/Sprites/UI/GUI.png using Guid(583cf6d72a7bb774caa106ce125c4724) Importer(815301076,1909f56bfc062723c751e8b465ee728b)  -> (artifact id: 'cb69700799c48d08429153197881de75') in 0.033140 seconds 
========================================================================
Received Import Request.
  Time since last request: 14.920801 seconds.
  path: Assets/Sprites/UI/GUI.png
  artifactKey: Guid(583cf6d72a7bb774caa106ce125c4724) Importer(815301076,1909f56bfc062723c751e8b465ee728b)
Start importing Assets/Sprites/UI/GUI.png using Guid(583cf6d72a7bb774caa106ce125c4724) Importer(815301076,1909f56bfc062723c751e8b465ee728b)  -> (artifact id: 'a6c1cdc16c966b159b7b6f2069291ef8') in 0.019322 seconds 
========================================================================
Received Import Request.
  Time since last request: 8.735463 seconds.
  path: Assets/Sprites/UI/GUI.png
  artifactKey: Guid(583cf6d72a7bb774caa106ce125c4724) Importer(815301076,1909f56bfc062723c751e8b465ee728b)
Start importing Assets/Sprites/UI/GUI.png using Guid(583cf6d72a7bb774caa106ce125c4724) Importer(815301076,1909f56bfc062723c751e8b465ee728b)  -> (artifact id: 'd487fbb7dbe55ff677462df27a001c19') in 0.216415 seconds 
========================================================================
Received Import Request.
  Time since last request: 1359.859491 seconds.
  path: Assets/Sprites/UI/GUI.png
  artifactKey: Guid(583cf6d72a7bb774caa106ce125c4724) Importer(815301076,1909f56bfc062723c751e8b465ee728b)
Start importing Assets/Sprites/UI/GUI.png using Guid(583cf6d72a7bb774caa106ce125c4724) Importer(815301076,1909f56bfc062723c751e8b465ee728b)  -> (artifact id: 'c3d374711bb711ab5b0f055aad2a1e55') in 0.074148 seconds 
========================================================================
Received Import Request.
  Time since last request: 55.145614 seconds.
  path: Assets/Sprites/UI/GUI.png
  artifactKey: Guid(583cf6d72a7bb774caa106ce125c4724) Importer(815301076,1909f56bfc062723c751e8b465ee728b)
Start importing Assets/Sprites/UI/GUI.png using Guid(583cf6d72a7bb774caa106ce125c4724) Importer(815301076,1909f56bfc062723c751e8b465ee728b)  -> (artifact id: '0a3106b7f4692f21ae00446f1d6a100a') in 0.052987 seconds 
========================================================================
Received Prepare
Registering precompiled user dll's ...
Registered in 0.007978 seconds.
Begin MonoManager ReloadAssembly
Symbol file LoadedFromMemory doesn't match image C:\Users\benen\Documents\GitHub\2D-Project\Library\PackageCache\com.unity.visualscripting@1.6.1\Editor\VisualScripting.Core\Dependencies\YamlDotNet\Unity.VisualScripting.YamlDotNet.dll
Symbol file LoadedFromMemory doesn't match image C:\Users\benen\Documents\GitHub\2D-Project\Library\PackageCache\com.unity.visualscripting@1.6.1\Editor\VisualScripting.Core\Dependencies\DotNetZip\Unity.VisualScripting.IonicZip.dll
Native extension for WindowsStandalone target not found
Native extension for WebGL target not found
Refreshing native plugins compatible for Editor in 2.22 ms, found 4 plugins.
Preloading 0 native plugins for Editor in 0.00 ms.
Mono: successfully reloaded assembly
- Completed reload, in  1.468 seconds
Domain Reload Profiling:
	ReloadAssembly (1469ms)
		BeginReloadAssembly (178ms)
			ExecutionOrderSort (0ms)
			DisableScriptedObjects (9ms)
			BackupInstance (0ms)
			ReleaseScriptingObjects (0ms)
			CreateAndSetChildDomain (56ms)
		EndReloadAssembly (1218ms)
			LoadAssemblies (130ms)
			RebuildTransferFunctionScriptingTraits (0ms)
			SetupTypeCache (414ms)
			ReleaseScriptCaches (1ms)
			RebuildScriptCaches (53ms)
			SetupLoadedEditorAssemblies (475ms)
				LogAssemblyErrors (0ms)
				InitializePlatformSupportModulesInManaged (7ms)
				SetLoadedEditorAssemblies (1ms)
				RefreshPlugins (2ms)
				BeforeProcessingInitializeOnLoad (89ms)
				ProcessInitializeOnLoadAttributes (359ms)
				ProcessInitializeOnLoadMethodAttributes (9ms)
				AfterProcessingInitializeOnLoad (8ms)
				EditorAssembliesLoaded (0ms)
			ExecutionOrderSort2 (0ms)
			AwakeInstancesAfterBackupRestoration (20ms)
Platform modules already initialized, skipping
Refreshing native plugins compatible for Editor in 0.99 ms, found 4 plugins.
Preloading 0 native plugins for Editor in 0.00 ms.
Unloading 3981 Unused Serialized files (Serialized files now loaded: 0)
System memory in use before: 171.0 MB.
System memory in use after: 171.3 MB.

Unloading 21 unused Assets to reduce memory usage. Loaded Objects now: 5095.
Total: 4.128000 ms (FindLiveObjects: 0.375000 ms CreateObjectMapping: 0.219800 ms MarkObjects: 3.499300 ms  DeleteObjects: 0.032200 ms)

AssetImportParameters requested are different than current active one (requested -> active):
  custom:framework-win-MediaFoundation: 216162199b28c13a410421893ffa2e32 -> 
  custom:video-decoder-ogg-theora: a1e56fd34408186e4bbccfd4996cb3dc -> 
  custom:container-muxer-webm: aa71ff27fc2769a1b78a27578f13a17b -> 
  custom:container-demuxer-webm: 4f35f7cbe854078d1ac9338744f61a02 -> 
  custom:container-demuxer-ogg: 62fdf1f143b41e24485cea50d1cbac27 -> 
  custom:video-encoder-webm-vp8: eb34c28f22e8b96e1ab97ce403110664 -> 
  custom:video-decoder-webm-vp8: 9c59270c3fd7afecdb556c50c9e8de78 -> 
  custom:audio-decoder-ogg-vorbis: bf7c407c2cedff20999df2af8eb42d56 -> 
  custom:audio-encoder-webm-vorbis: bf7c407c2cedff20999df2af8eb42d56 -> 
========================================================================
Received Import Request.
  Time since last request: 1141.174358 seconds.
  path: Assets/Scenes/3.unity
  artifactKey: Guid(643fe2d38ae42de4cbfb0123afa8c778) Importer(815301076,1909f56bfc062723c751e8b465ee728b)
Start importing Assets/Scenes/3.unity using Guid(643fe2d38ae42de4cbfb0123afa8c778) Importer(815301076,1909f56bfc062723c751e8b465ee728b)  -> (artifact id: '3b84224cdd38269e11f7ee8d5d2c2d2b') in 0.032593 seconds 
========================================================================
Received Prepare
Registering precompiled user dll's ...
Registered in 0.009299 seconds.
Begin MonoManager ReloadAssembly
Symbol file LoadedFromMemory doesn't match image C:\Users\benen\Documents\GitHub\2D-Project\Library\PackageCache\com.unity.visualscripting@1.6.1\Editor\VisualScripting.Core\Dependencies\YamlDotNet\Unity.VisualScripting.YamlDotNet.dll
Symbol file LoadedFromMemory doesn't match image C:\Users\benen\Documents\GitHub\2D-Project\Library\PackageCache\com.unity.visualscripting@1.6.1\Editor\VisualScripting.Core\Dependencies\DotNetZip\Unity.VisualScripting.IonicZip.dll
Native extension for WindowsStandalone target not found
Native extension for WebGL target not found
Refreshing native plugins compatible for Editor in 0.99 ms, found 4 plugins.
Preloading 0 native plugins for Editor in 0.00 ms.
Mono: successfully reloaded assembly
- Completed reload, in  1.456 seconds
Domain Reload Profiling:
	ReloadAssembly (1456ms)
		BeginReloadAssembly (155ms)
			ExecutionOrderSort (0ms)
			DisableScriptedObjects (11ms)
			BackupInstance (0ms)
			ReleaseScriptingObjects (0ms)
			CreateAndSetChildDomain (47ms)
		EndReloadAssembly (1226ms)
			LoadAssemblies (133ms)
			RebuildTransferFunctionScriptingTraits (0ms)
			SetupTypeCache (428ms)
			ReleaseScriptCaches (2ms)
			RebuildScriptCaches (61ms)
			SetupLoadedEditorAssemblies (478ms)
				LogAssemblyErrors (0ms)
				InitializePlatformSupportModulesInManaged (7ms)
				SetLoadedEditorAssemblies (0ms)
				RefreshPlugins (1ms)
				BeforeProcessingInitializeOnLoad (91ms)
				ProcessInitializeOnLoadAttributes (359ms)
				ProcessInitializeOnLoadMethodAttributes (10ms)
				AfterProcessingInitializeOnLoad (9ms)
				EditorAssembliesLoaded (0ms)
			ExecutionOrderSort2 (0ms)
			AwakeInstancesAfterBackupRestoration (24ms)
Platform modules already initialized, skipping
Refreshing native plugins compatible for Editor in 2.15 ms, found 4 plugins.
Preloading 0 native plugins for Editor in 0.00 ms.
Unloading 3968 Unused Serialized files (Serialized files now loaded: 0)
System memory in use before: 170.7 MB.
System memory in use after: 171.0 MB.

Unloading 21 unused Assets to reduce memory usage. Loaded Objects now: 5098.
Total: 3.986300 ms (FindLiveObjects: 0.399600 ms CreateObjectMapping: 0.228400 ms MarkObjects: 3.328000 ms  DeleteObjects: 0.029300 ms)

AssetImportParameters requested are different than current active one (requested -> active):
  custom:framework-win-MediaFoundation: 216162199b28c13a410421893ffa2e32 -> 
  custom:video-decoder-ogg-theora: a1e56fd34408186e4bbccfd4996cb3dc -> 
  custom:container-muxer-webm: aa71ff27fc2769a1b78a27578f13a17b -> 
  custom:container-demuxer-webm: 4f35f7cbe854078d1ac9338744f61a02 -> 
  custom:container-demuxer-ogg: 62fdf1f143b41e24485cea50d1cbac27 -> 
  custom:video-encoder-webm-vp8: eb34c28f22e8b96e1ab97ce403110664 -> 
  custom:video-decoder-webm-vp8: 9c59270c3fd7afecdb556c50c9e8de78 -> 
  custom:audio-decoder-ogg-vorbis: bf7c407c2cedff20999df2af8eb42d56 -> 
  custom:audio-encoder-webm-vorbis: bf7c407c2cedff20999df2af8eb42d56 -> 
========================================================================
Received Import Request.
  Time since last request: 35.840723 seconds.
  path: Assets/Sprites/GUI.png
  artifactKey: Guid(3a516e7222bc0a84cab8f5697fe115c3) Importer(815301076,1909f56bfc062723c751e8b465ee728b)
Start importing Assets/Sprites/GUI.png using Guid(3a516e7222bc0a84cab8f5697fe115c3) Importer(815301076,1909f56bfc062723c751e8b465ee728b)  -> (artifact id: '804f6666cae3e56a358b298fff3ad6df') in 0.069611 seconds 
========================================================================
Received Import Request.
  Time since last request: 40.747815 seconds.
  path: Assets/Sprites/UI/GUI.png
  artifactKey: Guid(3a516e7222bc0a84cab8f5697fe115c3) Importer(815301076,1909f56bfc062723c751e8b465ee728b)
Start importing Assets/Sprites/UI/GUI.png using Guid(3a516e7222bc0a84cab8f5697fe115c3) Importer(815301076,1909f56bfc062723c751e8b465ee728b)  -> (artifact id: '275e9c663549b1599b46db2e318311a3') in 0.031653 seconds 
========================================================================
Received Import Request.
  Time since last request: 145.963453 seconds.
  path: Assets/Sprites/UI/GUI.png
  artifactKey: Guid(3a516e7222bc0a84cab8f5697fe115c3) Importer(815301076,1909f56bfc062723c751e8b465ee728b)
Start importing Assets/Sprites/UI/GUI.png using Guid(3a516e7222bc0a84cab8f5697fe115c3) Importer(815301076,1909f56bfc062723c751e8b465ee728b)  -> (artifact id: '5b13818a266d8a2d26377c148ebae3af') in 0.057332 seconds 
========================================================================
Received Import Request.
  Time since last request: 5.190023 seconds.
  path: Assets/Scenes/Menu.unity
  artifactKey: Guid(7f7306a3ff0f37d4abb1355c924568f0) Importer(815301076,1909f56bfc062723c751e8b465ee728b)
Start importing Assets/Scenes/Menu.unity using Guid(7f7306a3ff0f37d4abb1355c924568f0) Importer(815301076,1909f56bfc062723c751e8b465ee728b)  -> (artifact id: 'd73f43a3887932cf797d92cfd95caf1c') in 0.007362 seconds 
========================================================================
Received Import Request.
  Time since last request: 63.933892 seconds.
  path: Assets/Scenes/Menu.unity
  artifactKey: Guid(7f7306a3ff0f37d4abb1355c924568f0) Importer(815301076,1909f56bfc062723c751e8b465ee728b)
Start importing Assets/Scenes/Menu.unity using Guid(7f7306a3ff0f37d4abb1355c924568f0) Importer(815301076,1909f56bfc062723c751e8b465ee728b)  -> (artifact id: 'f02ccf9539eeab81ebf25c35378ad109') in 0.004256 seconds 
========================================================================
Received Import Request.
  Time since last request: 160.205271 seconds.
  path: Assets/Sprites/UI/Counter.png
  artifactKey: Guid(c1f49a8197df8484d96f680135066905) Importer(815301076,1909f56bfc062723c751e8b465ee728b)
Start importing Assets/Sprites/UI/Counter.png using Guid(c1f49a8197df8484d96f680135066905) Importer(815301076,1909f56bfc062723c751e8b465ee728b)  -> (artifact id: '873f17327f715c39707b77e85362546c') in 0.022809 seconds 
========================================================================
Received Import Request.
  Time since last request: 30.239878 seconds.
  path: Assets/Sprites/UI/Counter.png
  artifactKey: Guid(c1f49a8197df8484d96f680135066905) Importer(815301076,1909f56bfc062723c751e8b465ee728b)
Start importing Assets/Sprites/UI/Counter.png using Guid(c1f49a8197df8484d96f680135066905) Importer(815301076,1909f56bfc062723c751e8b465ee728b)  -> (artifact id: '8bd6fcda6c0146b1e81c57a0e9132237') in 0.020432 seconds 
========================================================================
Received Import Request.
  Time since last request: 8.373246 seconds.
  path: Assets/Sprites/UI/Counter.png
  artifactKey: Guid(c1f49a8197df8484d96f680135066905) Importer(815301076,1909f56bfc062723c751e8b465ee728b)
Start importing Assets/Sprites/UI/Counter.png using Guid(c1f49a8197df8484d96f680135066905) Importer(815301076,1909f56bfc062723c751e8b465ee728b)  -> (artifact id: '6d10d48b371ea60d20eb7956f068acd4') in 0.030556 seconds 
========================================================================
Received Import Request.
  Time since last request: 16.411892 seconds.
  path: Assets/Sprites/UI/Counter.png
  artifactKey: Guid(c1f49a8197df8484d96f680135066905) Importer(815301076,1909f56bfc062723c751e8b465ee728b)
Start importing Assets/Sprites/UI/Counter.png using Guid(c1f49a8197df8484d96f680135066905) Importer(815301076,1909f56bfc062723c751e8b465ee728b)  -> (artifact id: '0b7eb8c7ae45514761d8d15a46de8394') in 0.020026 seconds 
========================================================================
Received Import Request.
  Time since last request: 243.629758 seconds.
  path: Assets/Sprites/UI/GUI.png
  artifactKey: Guid(3a516e7222bc0a84cab8f5697fe115c3) Importer(815301076,1909f56bfc062723c751e8b465ee728b)
Start importing Assets/Sprites/UI/GUI.png using Guid(3a516e7222bc0a84cab8f5697fe115c3) Importer(815301076,1909f56bfc062723c751e8b465ee728b)  -> (artifact id: '05a2ebbb99bc4caefcc3a66fcaebe805') in 0.071008 seconds 
========================================================================
Received Import Request.
  Time since last request: 324.403254 seconds.
  path: Assets/Sprites/ADVENTURER/FACE.png
  artifactKey: Guid(cd43c9038935c50499bb684c589716bb) Importer(815301076,1909f56bfc062723c751e8b465ee728b)
Start importing Assets/Sprites/ADVENTURER/FACE.png using Guid(cd43c9038935c50499bb684c589716bb) Importer(815301076,1909f56bfc062723c751e8b465ee728b)  -> (artifact id: '177ff1cca15ccc8f967d31c81763bb4e') in 0.026471 seconds 
========================================================================
Received Prepare
Registering precompiled user dll's ...
Registered in 0.043292 seconds.
Begin MonoManager ReloadAssembly
Symbol file LoadedFromMemory doesn't match image C:\Users\benen\Documents\GitHub\2D-Project\Library\PackageCache\com.unity.visualscripting@1.6.1\Editor\VisualScripting.Core\Dependencies\YamlDotNet\Unity.VisualScripting.YamlDotNet.dll
Symbol file LoadedFromMemory doesn't match image C:\Users\benen\Documents\GitHub\2D-Project\Library\PackageCache\com.unity.visualscripting@1.6.1\Editor\VisualScripting.Core\Dependencies\DotNetZip\Unity.VisualScripting.IonicZip.dll
Native extension for WindowsStandalone target not found
Native extension for WebGL target not found
Refreshing native plugins compatible for Editor in 1.01 ms, found 4 plugins.
Preloading 0 native plugins for Editor in 0.00 ms.
Mono: successfully reloaded assembly
- Completed reload, in  1.729 seconds
Domain Reload Profiling:
	ReloadAssembly (1729ms)
		BeginReloadAssembly (203ms)
			ExecutionOrderSort (0ms)
			DisableScriptedObjects (11ms)
			BackupInstance (0ms)
			ReleaseScriptingObjects (0ms)
			CreateAndSetChildDomain (54ms)
		EndReloadAssembly (1433ms)
			LoadAssemblies (190ms)
			RebuildTransferFunctionScriptingTraits (0ms)
			SetupTypeCache (549ms)
			ReleaseScriptCaches (1ms)
			RebuildScriptCaches (60ms)
			SetupLoadedEditorAssemblies (513ms)
				LogAssemblyErrors (0ms)
				InitializePlatformSupportModulesInManaged (7ms)
				SetLoadedEditorAssemblies (0ms)
				RefreshPlugins (1ms)
				BeforeProcessingInitializeOnLoad (89ms)
				ProcessInitializeOnLoadAttributes (396ms)
				ProcessInitializeOnLoadMethodAttributes (10ms)
				AfterProcessingInitializeOnLoad (9ms)
				EditorAssembliesLoaded (0ms)
			ExecutionOrderSort2 (0ms)
			AwakeInstancesAfterBackupRestoration (32ms)
Platform modules already initialized, skipping
Refreshing native plugins compatible for Editor in 1.21 ms, found 4 plugins.
Preloading 0 native plugins for Editor in 0.00 ms.
Unloading 3971 Unused Serialized files (Serialized files now loaded: 0)
System memory in use before: 175.0 MB.
System memory in use after: 175.3 MB.

Unloading 21 unused Assets to reduce memory usage. Loaded Objects now: 5245.
Total: 11.342300 ms (FindLiveObjects: 0.374800 ms CreateObjectMapping: 0.224900 ms MarkObjects: 10.711100 ms  DeleteObjects: 0.029900 ms)

AssetImportParameters requested are different than current active one (requested -> active):
  custom:framework-win-MediaFoundation: 216162199b28c13a410421893ffa2e32 -> 
  custom:video-decoder-ogg-theora: a1e56fd34408186e4bbccfd4996cb3dc -> 
  custom:container-muxer-webm: aa71ff27fc2769a1b78a27578f13a17b -> 
  custom:container-demuxer-webm: 4f35f7cbe854078d1ac9338744f61a02 -> 
  custom:container-demuxer-ogg: 62fdf1f143b41e24485cea50d1cbac27 -> 
  custom:video-encoder-webm-vp8: eb34c28f22e8b96e1ab97ce403110664 -> 
  custom:video-decoder-webm-vp8: 9c59270c3fd7afecdb556c50c9e8de78 -> 
  custom:audio-decoder-ogg-vorbis: bf7c407c2cedff20999df2af8eb42d56 -> 
  custom:audio-encoder-webm-vorbis: bf7c407c2cedff20999df2af8eb42d56 -> 
========================================================================
Received Prepare
Registering precompiled user dll's ...
Registered in 0.011675 seconds.
Begin MonoManager ReloadAssembly
Symbol file LoadedFromMemory doesn't match image C:\Users\benen\Documents\GitHub\2D-Project\Library\PackageCache\com.unity.visualscripting@1.6.1\Editor\VisualScripting.Core\Dependencies\YamlDotNet\Unity.VisualScripting.YamlDotNet.dll
Symbol file LoadedFromMemory doesn't match image C:\Users\benen\Documents\GitHub\2D-Project\Library\PackageCache\com.unity.visualscripting@1.6.1\Editor\VisualScripting.Core\Dependencies\DotNetZip\Unity.VisualScripting.IonicZip.dll
Native extension for WindowsStandalone target not found
Native extension for WebGL target not found
Refreshing native plugins compatible for Editor in 1.11 ms, found 4 plugins.
Preloading 0 native plugins for Editor in 0.00 ms.
Mono: successfully reloaded assembly
- Completed reload, in  1.441 seconds
Domain Reload Profiling:
	ReloadAssembly (1442ms)
		BeginReloadAssembly (156ms)
			ExecutionOrderSort (0ms)
			DisableScriptedObjects (12ms)
			BackupInstance (0ms)
			ReleaseScriptingObjects (0ms)
			CreateAndSetChildDomain (48ms)
		EndReloadAssembly (1216ms)
			LoadAssemblies (135ms)
			RebuildTransferFunctionScriptingTraits (0ms)
			SetupTypeCache (443ms)
			ReleaseScriptCaches (1ms)
			RebuildScriptCaches (60ms)
			SetupLoadedEditorAssemblies (452ms)
				LogAssemblyErrors (0ms)
				InitializePlatformSupportModulesInManaged (6ms)
				SetLoadedEditorAssemblies (0ms)
				RefreshPlugins (1ms)
				BeforeProcessingInitializeOnLoad (85ms)
				ProcessInitializeOnLoadAttributes (342ms)
				ProcessInitializeOnLoadMethodAttributes (9ms)
				AfterProcessingInitializeOnLoad (8ms)
				EditorAssembliesLoaded (0ms)
			ExecutionOrderSort2 (0ms)
			AwakeInstancesAfterBackupRestoration (23ms)
Platform modules already initialized, skipping
Refreshing native plugins compatible for Editor in 1.00 ms, found 4 plugins.
Preloading 0 native plugins for Editor in 0.00 ms.
Unloading 3968 Unused Serialized files (Serialized files now loaded: 0)
System memory in use before: 174.9 MB.
System memory in use after: 175.1 MB.

Unloading 21 unused Assets to reduce memory usage. Loaded Objects now: 5248.
Total: 4.446700 ms (FindLiveObjects: 0.458600 ms CreateObjectMapping: 0.263000 ms MarkObjects: 3.700900 ms  DeleteObjects: 0.022800 ms)

AssetImportParameters requested are different than current active one (requested -> active):
  custom:framework-win-MediaFoundation: 216162199b28c13a410421893ffa2e32 -> 
  custom:video-decoder-ogg-theora: a1e56fd34408186e4bbccfd4996cb3dc -> 
  custom:container-muxer-webm: aa71ff27fc2769a1b78a27578f13a17b -> 
  custom:container-demuxer-webm: 4f35f7cbe854078d1ac9338744f61a02 -> 
  custom:container-demuxer-ogg: 62fdf1f143b41e24485cea50d1cbac27 -> 
  custom:video-encoder-webm-vp8: eb34c28f22e8b96e1ab97ce403110664 -> 
  custom:video-decoder-webm-vp8: 9c59270c3fd7afecdb556c50c9e8de78 -> 
  custom:audio-decoder-ogg-vorbis: bf7c407c2cedff20999df2af8eb42d56 -> 
  custom:audio-encoder-webm-vorbis: bf7c407c2cedff20999df2af8eb42d56 -> 
AssetImportWorkerClient::OnTransportError - code=2 error=End of file
