Using pre-set license
Built from '2021.1/staging' branch; Version is '2021.1.18f1 (25bdc3efbc2d) revision 2473411'; Using compiler version '192528614'; Build Type 'Release'
OS: 'Windows 10 Education; OS build 19042.1288; Version 2009; 64bit' Language: 'en' Physical Memory: 8024 MB
BatchMode: 1, IsHumanControllingUs: 0, StartBugReporterOnCrash: 0, Is64bit: 1, IsPro: 0

COMMAND LINE ARGUMENTS:
C:\Program Files\Unity\Hub\Editor\2021.1.18f1\Editor\Unity.exe
-adb2
-batchMode
-noUpm
-name
AssetImportWorker217
-projectPath
H:/Documents/GitHub/2D-GAME-PROJECT
-logFile
Logs/AssetImportWorker217.log
-srvPort
50127
Successfully changed project path to: H:/Documents/GitHub/2D-GAME-PROJECT
H:/Documents/GitHub/2D-GAME-PROJECT
Using Asset Import Pipeline V2.
Assertion failed on expression: 'm_ErrorCode == MDB_MAP_RESIZED || !HasAbortingErrors()'
received signal from system: SIGSEGV
Stack trace:
0x00007ff6e8d879ac (Unity) StackWalker::GetCurrentCallstack
0x00007ff6e8d8da59 (Unity) StackWalker::ShowCallstack
0x00007ff6e9585963 (Unity) GetStacktrace
0x00007ff6e8d87090 (Unity) winutils::CrashHandler::DefaultSignalHandler
0x00007ff6eb14bc1e (Unity) seh_filter_exe
0x00007ff6eb214a6d (Unity) `__scrt_common_main_seh'::`1'::filt$0
0x00007ff6eb118af8 (Unity) _C_specific_handler
0x00007ff8ef3520cf (ntdll) _chkstk
0x00007ff8ef301454 (ntdll) RtlRaiseException
0x00007ff8ef350bfe (ntdll) KiUserExceptionDispatcher
0x00007ff6e96b06cb (Unity) SourceAssetDBReadTxn::SourceAssetDBReadTxn
0x00007ff6e967e966 (Unity) SyncAssetFoldersWithDB
0x00007ff6e966db6d (Unity) InitializeAssetDatabaseV2
0x00007ff6e960b895 (Unity) AssetDatabase::InitializeAssetDatabase
0x00007ff6e917c190 (Unity) Application::InitializeProject
0x00007ff6e958f007 (Unity) WinMain
0x00007ff6eb0f6332 (Unity) __scrt_common_main_seh
0x00007ff8ee3b7034 (KERNEL32) BaseThreadInitThunk
0x00007ff8ef302651 (ntdll) RtlUserThreadStart

